x-axis,1
second,Volt
-2.0000E-06,-366.2845506E-03
-1.9900E-06,-366.2845506E-03
-1.9800E-06,-365.7503898E-03
-1.9700E-06,-366.6932039E-03
-1.9600E-06,-367.5717566E-03
-1.9500E-06,-366.9120883E-03
-1.9400E-06,-365.5315054E-03
-1.9300E-06,-366.9763496E-03
-1.9200E-06,-365.7182591E-03
-1.9100E-06,-365.4993747E-03
-1.9000E-06,-366.7544501E-03
-1.8900E-06,-366.2845506E-03
-1.8800E-06,-367.0054651E-03
-1.8700E-06,-365.5606209E-03
-1.8600E-06,-365.4993747E-03
-1.8500E-06,-365.6600281E-03
-1.8400E-06,-365.8467818E-03
-1.8300E-06,-365.9431739E-03
-1.8200E-06,-366.2845506E-03
-1.8100E-06,-367.0988420E-03
-1.8000E-06,-366.4391736E-03
-1.7900E-06,-365.7795053E-03
-1.7800E-06,-365.8789125E-03
-1.7700E-06,-366.5616660E-03
-1.7600E-06,-366.2845506E-03
-1.7500E-06,-367.0667113E-03
-1.7400E-06,-366.2845506E-03
-1.7300E-06,-366.8217266E-03
-1.7200E-06,-365.9110432E-03
-1.7100E-06,-366.0716966E-03
-1.7000E-06,-367.0697265E-03
-1.6900E-06,-366.2845506E-03
-1.6800E-06,-367.0697265E-03
-1.6700E-06,-367.0697265E-03
-1.6600E-06,-366.2845506E-03
-1.6500E-06,-366.1359580E-03
-1.6400E-06,-366.2845506E-03
-1.6300E-06,-365.5666513E-03
-1.6200E-06,-366.3427816E-03
-1.6100E-06,-367.6711639E-03
-1.6000E-06,-367.2364103E-03
-1.5900E-06,-367.0697265E-03
-1.5800E-06,-365.7242895E-03
-1.5700E-06,-366.3839578E-03
-1.5600E-06,-367.0436262E-03
-1.5500E-06,-365.0174145E-03
-1.5400E-06,-366.2845506E-03
-1.5300E-06,-366.2845506E-03
-1.5200E-06,-366.0275051E-03
-1.5100E-06,-365.4993747E-03
-1.5000E-06,-366.2845506E-03
-1.4900E-06,-366.9502493E-03
-1.4800E-06,-367.6099177E-03
-1.4700E-06,-365.8698669E-03
-1.4600E-06,-366.2845506E-03
-1.4500E-06,-367.6912338E-03
-1.4400E-06,-366.3608728E-03
-1.4300E-06,-365.6740676E-03
-1.4200E-06,-366.4974046E-03
-1.4100E-06,-366.1760978E-03
-1.4000E-06,-367.0697265E-03
-1.3900E-06,-366.0887513E-03
-1.3800E-06,-366.9291430E-03
-1.3700E-06,-365.4993747E-03
-1.3600E-06,-366.8890032E-03
-1.3500E-06,-366.5907814E-03
-1.3400E-06,-366.2845506E-03
-1.3300E-06,-366.2845506E-03
-1.3200E-06,-366.3869730E-03
-1.3100E-06,-366.3076357E-03
-1.3000E-06,-366.1359580E-03
-1.2900E-06,-366.7956263E-03
-1.2800E-06,-367.0697265E-03
-1.2700E-06,-366.2845506E-03
-1.2600E-06,-366.0154444E-03
-1.2500E-06,-366.2845506E-03
-1.2400E-06,-366.9532645E-03
-1.2300E-06,-366.7684896E-03
-1.2200E-06,-367.4874254E-03
-1.2100E-06,-366.4853438E-03
-1.2000E-06,-36